Using pre-set license
Built from '2022.3/release' branch; Version is '2022.3.18f1 (d29bea25151d) revision 13802474'; Using compiler version '192829333'; Build Type 'Release'
OS: 'Windows 10  (10.0.19045) 64bit Core' Language: 'fr' Physical Memory: 32702 MB
BatchMode: 1, IsHumanControllingUs: 0, StartBugReporterOnCrash: 0, Is64bit: 1, IsPro: 1

COMMAND LINE ARGUMENTS:
D:\unity\2022.3.18f1\Editor\Unity.exe
-adb2
-batchMode
-noUpm
-name
AssetImportWorker0
-projectPath
F:/master_project/visite_edn_vr
-logFile
Logs/AssetImportWorker0.log
-srvPort
54435
Successfully changed project path to: F:/master_project/visite_edn_vr
F:/master_project/visite_edn_vr
[UnityMemory] Configuration Parameters - Can be set up in boot.config
    "memorysetup-bucket-allocator-granularity=16"
    "memorysetup-bucket-allocator-bucket-count=8"
    "memorysetup-bucket-allocator-block-size=33554432"
    "memorysetup-bucket-allocator-block-count=8"
    "memorysetup-main-allocator-block-size=16777216"
    "memorysetup-thread-allocator-block-size=16777216"
    "memorysetup-gfx-main-allocator-block-size=16777216"
    "memorysetup-gfx-thread-allocator-block-size=16777216"
    "memorysetup-cache-allocator-block-size=4194304"
    "memorysetup-typetree-allocator-block-size=2097152"
    "memorysetup-profiler-bucket-allocator-granularity=16"
    "memorysetup-profiler-bucket-allocator-bucket-count=8"
    "memorysetup-profiler-bucket-allocator-block-size=33554432"
    "memorysetup-profiler-bucket-allocator-block-count=8"
    "memorysetup-profiler-allocator-block-size=16777216"
    "memorysetup-profiler-editor-allocator-block-size=1048576"
    "memorysetup-temp-allocator-size-main=16777216"
    "memorysetup-job-temp-allocator-block-size=2097152"
    "memorysetup-job-temp-allocator-block-size-background=1048576"
    "memorysetup-job-temp-allocator-reduction-small-platforms=262144"
    "memorysetup-allocator-temp-initial-block-size-main=262144"
    "memorysetup-allocator-temp-initial-block-size-worker=262144"
    "memorysetup-temp-allocator-size-background-worker=32768"
    "memorysetup-temp-allocator-size-job-worker=262144"
    "memorysetup-temp-allocator-size-preload-manager=33554432"
    "memorysetup-temp-allocator-size-nav-mesh-worker=65536"
    "memorysetup-temp-allocator-size-audio-worker=65536"
    "memorysetup-temp-allocator-size-cloud-worker=32768"
    "memorysetup-temp-allocator-size-gi-baking-worker=262144"
    "memorysetup-temp-allocator-size-gfx=262144"
Player connection [25016] Host "[IP] 192.168.56.1 [Port] 0 [Flags] 2 [Guid] 943469575 [EditorId] 943469575 [Version] 1048832 [Id] WindowsEditor(7,DESKTOP-44SRTKP) [Debug] 1 [PackageName] WindowsEditor [ProjectName] Editor" joined multi-casting on [225.0.0.222:54997]...

Player connection [25016] Host "[IP] 192.168.56.1 [Port] 0 [Flags] 2 [Guid] 943469575 [EditorId] 943469575 [Version] 1048832 [Id] WindowsEditor(7,DESKTOP-44SRTKP) [Debug] 1 [PackageName] WindowsEditor [ProjectName] Editor" joined alternative multi-casting on [225.0.0.222:34997]...

[Physics::Module] Initialized MultithreadedJobDispatcher with 7 workers.
Refreshing native plugins compatible for Editor in 11.85 ms, found 6 plugins.
Preloading 1 native plugins for Editor in 0.56 ms.
Initialize engine version: 2022.3.18f1 (d29bea25151d)
[Subsystems] Discovering subsystems at path D:/unity/2022.3.18f1/Editor/Data/Resources/UnitySubsystems
[Subsystems] Discovering subsystems at path F:/master_project/visite_edn_vr/Assets
GfxDevice: creating device client; threaded=0; jobified=0
Direct3D:
    Version:  Direct3D 11.0 [level 11.1]
    Renderer: NVIDIA GeForce RTX 3060 Ti (ID=0x2489)
    Vendor:   NVIDIA
    VRAM:     8024 MB
    Driver:   31.0.15.5222
Initialize mono
Mono path[0] = 'D:/unity/2022.3.18f1/Editor/Data/Managed'
Mono path[1] = 'D:/unity/2022.3.18f1/Editor/Data/MonoBleedingEdge/lib/mono/unityjit-win32'
Mono config path = 'D:/unity/2022.3.18f1/Editor/Data/MonoBleedingEdge/etc'
Using monoOptions --debugger-agent=transport=dt_socket,embedding=1,server=y,suspend=n,address=127.0.0.1:56080
Begin MonoManager ReloadAssembly
Registering precompiled unity dll's ...
Register platform support module: D:/unity/2022.3.18f1/Editor/Data/PlaybackEngines/AndroidPlayer/UnityEditor.Android.Extensions.dll
Register platform support module: D:/unity/2022.3.18f1/Editor/Data/PlaybackEngines/WindowsStandaloneSupport/UnityEditor.WindowsStandalone.Extensions.dll
Registered in 0.006090 seconds.
- Loaded All Assemblies, in  0.376 seconds
Native extension for WindowsStandalone target not found
Native extension for Android target not found
Android Extension - Scanning For ADB Devices 772 ms
Mono: successfully reloaded assembly
- Finished resetting the current domain, in  1.113 seconds
Domain Reload Profiling: 1489ms
	BeginReloadAssembly (121ms)
		ExecutionOrderSort (0ms)
		DisableScriptedObjects (0ms)
		BackupInstance (0ms)
		ReleaseScriptingObjects (0ms)
		CreateAndSetChildDomain (1ms)
	RebuildCommonClasses (35ms)
	RebuildNativeTypeToScriptingClass (14ms)
	initialDomainReloadingComplete (55ms)
	LoadAllAssembliesAndSetupDomain (150ms)
		LoadAssemblies (122ms)
		RebuildTransferFunctionScriptingTraits (0ms)
		AnalyzeDomain (147ms)
			TypeCache.Refresh (146ms)
				TypeCache.ScanAssembly (132ms)
			ScanForSourceGeneratedMonoScriptInfo (0ms)
			ResolveRequiredComponents (0ms)
	FinalizeReload (1114ms)
		ReleaseScriptCaches (0ms)
		RebuildScriptCaches (0ms)
		SetupLoadedEditorAssemblies (1055ms)
			LogAssemblyErrors (0ms)
			InitializePlatformSupportModulesInManaged (891ms)
			SetLoadedEditorAssemblies (4ms)
			RefreshPlugins (0ms)
			BeforeProcessingInitializeOnLoad (3ms)
			ProcessInitializeOnLoadAttributes (113ms)
			ProcessInitializeOnLoadMethodAttributes (44ms)
			AfterProcessingInitializeOnLoad (0ms)
			EditorAssembliesLoaded (0ms)
		ExecutionOrderSort2 (0ms)
		AwakeInstancesAfterBackupRestoration (0ms)
========================================================================
Worker process is ready to serve import requests
Begin MonoManager ReloadAssembly
- Loaded All Assemblies, in  0.715 seconds
Refreshing native plugins compatible for Editor in 5.65 ms, found 6 plugins.
Native extension for WindowsStandalone target not found
Native extension for Android target not found
Package Manager log level set to [2]
[Package Manager] Server::EnsureServerProcessIsRunning -- launch failed, reason: Unity was launched with the -noUpm command-line argument
[Package Manager] UpmClient::Send -- Unable to send message (not connected to UPM process).
[Package Manager] Cannot connect to Unity Package Manager local server
[Package Manager] Server::EnsureServerProcessIsRunning -- launch failed, reason: Unity was launched with the -noUpm command-line argument
[Package Manager] UpmClient::Send -- Unable to send message (not connected to UPM process).
[Package Manager] Cannot connect to Unity Package Manager local server
System.Reflection.TargetInvocationException: Exception has been thrown by the target of an invocation. ---> System.NullReferenceException: Object reference not set to an instance of an object
  at Unity.XR.Oculus.OculusLoader.AssetPathToAbsolutePath (System.String assetPath) [0x0003d] in .\Library\PackageCache\com.unity.xr.oculus@4.1.2\Runtime\OculusLoader.cs:287 
  at Unity.XR.Oculus.OculusLoader.EditorLoadOVRPlugin () [0x00084] in .\Library\PackageCache\com.unity.xr.oculus@4.1.2\Runtime\OculusLoader.cs:272 
  at (wrapper managed-to-native) System.Reflection.RuntimeMethodInfo.InternalInvoke(System.Reflection.RuntimeMethodInfo,object,object[],System.Exception&)
  at System.Reflection.RuntimeMethodInfo.Invoke (System.Object obj, System.Reflection.BindingFlags invokeAttr, System.Reflection.Binder binder, System.Object[] parameters, System.Globalization.CultureInfo culture) [0x0006a] in <bfbc89a04b6b4dd49c3614d03fc31ce8>:0 
   --- End of inner exception stack trace ---
  at System.Reflection.RuntimeMethodInfo.Invoke (System.Object obj, System.Reflection.BindingFlags invokeAttr, System.Reflection.Binder binder, System.Object[] parameters, System.Globalization.CultureInfo culture) [0x00083] in <bfbc89a04b6b4dd49c3614d03fc31ce8>:0 
  at System.Reflection.MethodBase.Invoke (System.Object obj, System.Object[] parameters) [0x00000] in <bfbc89a04b6b4dd49c3614d03fc31ce8>:0 
  at UnityEditor.EditorAssemblies.ProcessInitializeOnLoadMethodAttributes () [0x000a5] in <8e887700cd7e4674989da7b046e8eaa6>:0 
UnityEngine.StackTraceUtility:ExtractStackTrace ()
UnityEngine.DebugLogHandler:LogFormat (UnityEngine.LogType,UnityEngine.Object,string,object[])
UnityEngine.Logger:Log (UnityEngine.LogType,object)
UnityEngine.Debug:LogError (object)
UnityEditor.EditorAssemblies:ProcessInitializeOnLoadMethodAttributes ()

Mono: successfully reloaded assembly
[Package Manager] Server::EnsureServerProcessIsRunning -- launch failed, reason: Unity was launched with the -noUpm command-line argument
[Package Manager] UpmClient::Send -- Unable to send message (not connected to UPM process).
[Package Manager] Cannot connect to Unity Package Manager local server
[Package Manager] Server::EnsureServerProcessIsRunning -- launch failed, reason: Unity was launched with the -noUpm command-line argument
[Package Manager] UpmClient::Send -- Unable to send message (not connected to UPM process).
[Package Manager] Cannot connect to Unity Package Manager local server
- Finished resetting the current domain, in  0.806 seconds
Domain Reload Profiling: 1521ms
	BeginReloadAssembly (194ms)
		ExecutionOrderSort (0ms)
		DisableScriptedObjects (10ms)
		BackupInstance (0ms)
		ReleaseScriptingObjects (0ms)
		CreateAndSetChildDomain (32ms)
	RebuildCommonClasses (34ms)
	RebuildNativeTypeToScriptingClass (11ms)
	initialDomainReloadingComplete (37ms)
	LoadAllAssembliesAndSetupDomain (438ms)
		LoadAssemblies (293ms)
		RebuildTransferFunctionScriptingTraits (0ms)
		AnalyzeDomain (247ms)
			TypeCache.Refresh (206ms)
				TypeCache.ScanAssembly (183ms)
			ScanForSourceGeneratedMonoScriptInfo (26ms)
			ResolveRequiredComponents (14ms)
	FinalizeReload (807ms)
		ReleaseScriptCaches (0ms)
		RebuildScriptCaches (0ms)
		SetupLoadedEditorAssemblies (613ms)
			LogAssemblyErrors (0ms)
			InitializePlatformSupportModulesInManaged (21ms)
			SetLoadedEditorAssemblies (3ms)
			RefreshPlugins (0ms)
			BeforeProcessingInitializeOnLoad (72ms)
			ProcessInitializeOnLoadAttributes (409ms)
			ProcessInitializeOnLoadMethodAttributes (105ms)
			AfterProcessingInitializeOnLoad (3ms)
			EditorAssembliesLoaded (0ms)
		ExecutionOrderSort2 (0ms)
		AwakeInstancesAfterBackupRestoration (10ms)
Launched and connected shader compiler UnityShaderCompiler.exe after 0.07 seconds
Refreshing native plugins compatible for Editor in 4.92 ms, found 6 plugins.
Preloading 1 native plugins for Editor in 0.04 ms.
Unloading 5941 Unused Serialized files (Serialized files now loaded: 0)
Unloading 79 unused Assets / (353.5 KB). Loaded Objects now: 6402.
Memory consumption went from 231.5 MB to 231.2 MB.
Total: 7.094900 ms (FindLiveObjects: 0.617900 ms CreateObjectMapping: 0.810000 ms MarkObjects: 5.019300 ms  DeleteObjects: 0.645900 ms)

AssetImportParameters requested are different than current active one (requested -> active):
  custom:container-demuxer-ogg: 62fdf1f143b41e24485cea50d1cbac27 -> 
  custom:video-decoder-ogg-theora: a1e56fd34408186e4bbccfd4996cb3dc -> 
  custom:framework-win-MediaFoundation: 216162199b28c13a410421893ffa2e32 -> 
  custom:CustomObjectIndexerAttribute: 62b5816608c3102f162a1797e29626cf -> 
  custom:container-demuxer-webm: 4f35f7cbe854078d1ac9338744f61a02 -> 
  custom:container-muxer-webm: aa71ff27fc2769a1b78a27578f13a17b -> 
  custom:video-decoder-webm-vp8: 9c59270c3fd7afecdb556c50c9e8de78 -> 
  custom:SearchIndexIgnoredProperties: e643bd26f0fe6173181afceb89e7c659 -> 
  custom:AudioImporter_EditorPlatform: d09bf68614088b80899f8185d706f6e7 -> 
  custom:video-encoder-webm-vp8: eb34c28f22e8b96e1ab97ce403110664 -> 
  custom:audio-decoder-ogg-vorbis: bf7c407c2cedff20999df2af8eb42d56 -> 
  custom:audio-encoder-webm-vorbis: bf7c407c2cedff20999df2af8eb42d56 -> 
========================================================================
Received Import Request.
  Time since last request: 14750.372850 seconds.
  path: Assets/AssetsHandMade/Assets/meuble/Small_table.prefab
  artifactKey: Guid(999f031e56adb4d42978c1b83d01c05e) Importer(815301076,1909f56bfc062723c751e8b465ee728b)
Start importing Assets/AssetsHandMade/Assets/meuble/Small_table.prefab using Guid(999f031e56adb4d42978c1b83d01c05e) Importer(815301076,1909f56bfc062723c751e8b465ee728b)  -> (artifact id: '0431d9a897fba0067fbe6a20fcf82ac3') in 1.855898 seconds
Number of updated asset objects reloaded before import = 0
Number of asset objects unloaded after import = 22
========================================================================
Received Import Request.
  Time since last request: 0.000039 seconds.
  path: Assets/Yellow.mat
  artifactKey: Guid(c5322c8e8acf51d49b9a525b625abdbf) Importer(815301076,1909f56bfc062723c751e8b465ee728b)
Start importing Assets/Yellow.mat using Guid(c5322c8e8acf51d49b9a525b625abdbf) Importer(815301076,1909f56bfc062723c751e8b465ee728b)  -> (artifact id: '021e3171448e97693db3130059664458') in 0.028894 seconds
Number of updated asset objects reloaded before import = 0
Number of asset objects unloaded after import = 2
========================================================================
Received Import Request.
  Time since last request: 0.000028 seconds.
  path: Assets/UniversalRenderPipelineGlobalSettings.asset
  artifactKey: Guid(18dc0cd2c080841dea60987a38ce93fa) Importer(815301076,1909f56bfc062723c751e8b465ee728b)
Start importing Assets/UniversalRenderPipelineGlobalSettings.asset using Guid(18dc0cd2c080841dea60987a38ce93fa) Importer(815301076,1909f56bfc062723c751e8b465ee728b)  -> (artifact id: '0826c28cb0ac08c7995a8211ea1eb1f9') in 0.001022 seconds
Number of updated asset objects reloaded before import = 0
Number of asset objects unloaded after import = 1
========================================================================
Received Import Request.
  Time since last request: 0.000018 seconds.
  path: Assets/red.mat
  artifactKey: Guid(c6dfd450405597d4688ed2cf5fdf7f1e) Importer(815301076,1909f56bfc062723c751e8b465ee728b)
Start importing Assets/red.mat using Guid(c6dfd450405597d4688ed2cf5fdf7f1e) Importer(815301076,1909f56bfc062723c751e8b465ee728b)  -> (artifact id: 'a77445f064064b5112355c14d930a290') in 0.019319 seconds
Number of updated asset objects reloaded before import = 0
Number of asset objects unloaded after import = 2
========================================================================
Received Import Request.
  Time since last request: 0.000021 seconds.
  path: Assets/Controller.prefab
  artifactKey: Guid(d94fdac0807e9ee4e9336618c4400fcd) Importer(815301076,1909f56bfc062723c751e8b465ee728b)
Start importing Assets/Controller.prefab using Guid(d94fdac0807e9ee4e9336618c4400fcd) Importer(815301076,1909f56bfc062723c751e8b465ee728b)  -> (artifact id: '1f5c48897dc650608823b456b0750af8') in 0.018606 seconds
Number of updated asset objects reloaded before import = 0
Number of asset objects unloaded after import = 10
========================================================================
Received Import Request.
  Time since last request: 0.000027 seconds.
  path: Assets/Glass.mat
  artifactKey: Guid(665cbdf5ae97cb949905a892f8f07724) Importer(815301076,1909f56bfc062723c751e8b465ee728b)
Start importing Assets/Glass.mat using Guid(665cbdf5ae97cb949905a892f8f07724) Importer(815301076,1909f56bfc062723c751e8b465ee728b)  -> (artifact id: '8c60dfd0f39734c0e7f6a02ffbd7097d') in 1.196380 seconds
Number of updated asset objects reloaded before import = 0
Number of asset objects unloaded after import = 2
========================================================================
Received Import Request.
  Time since last request: 0.734019 seconds.
  path: Assets/Scenes
  artifactKey: Guid(3acf279d402a5274cbb08992a7f8742a) Importer(815301076,1909f56bfc062723c751e8b465ee728b)
Start importing Assets/Scenes using Guid(3acf279d402a5274cbb08992a7f8742a) Importer(815301076,1909f56bfc062723c751e8b465ee728b)  -> (artifact id: '99aac194bd212d111e904df3aef4a21a') in 0.000584 seconds
Number of updated asset objects reloaded before import = 0
Number of asset objects unloaded after import = 0
========================================================================
Received Import Request.
  Time since last request: 0.936541 seconds.
  path: Assets/Scenes/EDN.unity
  artifactKey: Guid(99c9720ab356a0642a771bea13969a05) Importer(815301076,1909f56bfc062723c751e8b465ee728b)
Start importing Assets/Scenes/EDN.unity using Guid(99c9720ab356a0642a771bea13969a05) Importer(815301076,1909f56bfc062723c751e8b465ee728b)  -> (artifact id: 'a93255dd76602d5de717aae1b916d9fd') in 0.000488 seconds
Number of updated asset objects reloaded before import = 0
Number of asset objects unloaded after import = 0
========================================================================
Received Import Request.
  Time since last request: 13.446382 seconds.
  path: Assets/AssetsHandMade
  artifactKey: Guid(36f8e8c21758a4549bb0c7337a109a6b) Importer(815301076,1909f56bfc062723c751e8b465ee728b)
Start importing Assets/AssetsHandMade using Guid(36f8e8c21758a4549bb0c7337a109a6b) Importer(815301076,1909f56bfc062723c751e8b465ee728b)  -> (artifact id: 'e307bd0f1f5fb5381e820d4ef31b2eaf') in 0.000400 seconds
Number of updated asset objects reloaded before import = 0
Number of asset objects unloaded after import = 0
========================================================================
Received Import Request.
  Time since last request: 1.220008 seconds.
  path: Assets/AssetsHandMade/Assets
  artifactKey: Guid(187bda9fbc7161c4d9b57eb58a262218) Importer(815301076,1909f56bfc062723c751e8b465ee728b)
Start importing Assets/AssetsHandMade/Assets using Guid(187bda9fbc7161c4d9b57eb58a262218) Importer(815301076,1909f56bfc062723c751e8b465ee728b)  -> (artifact id: '4f3c460475dbd306f13d57d8ad18785a') in 0.000378 seconds
Number of updated asset objects reloaded before import = 0
Number of asset objects unloaded after import = 0
========================================================================
Received Import Request.
  Time since last request: 0.047934 seconds.
  path: Assets/AssetsHandMade/Assets/backDoor.prefab
  artifactKey: Guid(f67f86faa8390e945b84246a3d8f5606) Importer(815301076,1909f56bfc062723c751e8b465ee728b)
Start importing Assets/AssetsHandMade/Assets/backDoor.prefab using Guid(f67f86faa8390e945b84246a3d8f5606) Importer(815301076,1909f56bfc062723c751e8b465ee728b)  -> (artifact id: 'bbe6a389ab5675a6a93b97c2471d029c') in 0.046003 seconds
Number of updated asset objects reloaded before import = 0
Number of asset objects unloaded after import = 21
========================================================================
Received Import Request.
  Time since last request: 0.000019 seconds.
  path: Assets/AssetsHandMade/Assets/OutsideWindow.prefab
  artifactKey: Guid(e0bee2a69f1540040a718e99baef05df) Importer(815301076,1909f56bfc062723c751e8b465ee728b)
Start importing Assets/AssetsHandMade/Assets/OutsideWindow.prefab using Guid(e0bee2a69f1540040a718e99baef05df) Importer(815301076,1909f56bfc062723c751e8b465ee728b)  -> (artifact id: '0551152c5ce8ed94f3791d98b03b9eb6') in 0.021087 seconds
Number of updated asset objects reloaded before import = 0
Number of asset objects unloaded after import = 31
========================================================================
Received Import Request.
  Time since last request: 0.000026 seconds.
  path: Assets/AssetsHandMade/Assets/DoorWindow.prefab
  artifactKey: Guid(c2ba70f830204a54e93a24587a6ff6c8) Importer(815301076,1909f56bfc062723c751e8b465ee728b)
Start importing Assets/AssetsHandMade/Assets/DoorWindow.prefab using Guid(c2ba70f830204a54e93a24587a6ff6c8) Importer(815301076,1909f56bfc062723c751e8b465ee728b)  -> (artifact id: '8916e5e9c4df0f86435c97b429026eb6') in 0.028224 seconds
Number of updated asset objects reloaded before import = 0
Number of asset objects unloaded after import = 48
========================================================================
Received Import Request.
  Time since last request: 0.000032 seconds.
  path: Assets/AssetsHandMade/Assets/SmallWindow.prefab
  artifactKey: Guid(912525073cf9d834899e98a21debccab) Importer(815301076,1909f56bfc062723c751e8b465ee728b)
Start importing Assets/AssetsHandMade/Assets/SmallWindow.prefab using Guid(912525073cf9d834899e98a21debccab) Importer(815301076,1909f56bfc062723c751e8b465ee728b)  -> (artifact id: '829a91700d95c3af09b1fd2a79a3e2fe') in 0.020735 seconds
Number of updated asset objects reloaded before import = 0
Number of asset objects unloaded after import = 41
========================================================================
Received Import Request.
  Time since last request: 0.667735 seconds.
  path: Assets/AssetsHandMade/Assets/UI
  artifactKey: Guid(1a966567d9c0c624f840f969ad999330) Importer(815301076,1909f56bfc062723c751e8b465ee728b)
Start importing Assets/AssetsHandMade/Assets/UI using Guid(1a966567d9c0c624f840f969ad999330) Importer(815301076,1909f56bfc062723c751e8b465ee728b)  -> (artifact id: '4ef2718f50187656ed33a0320ddf9705') in 0.000414 seconds
Number of updated asset objects reloaded before import = 0
Number of asset objects unloaded after import = 0
========================================================================
Received Import Request.
  Time since last request: 0.047494 seconds.
  path: Assets/AssetsHandMade/Assets/UI/Test2 Canvas.prefab
  artifactKey: Guid(c6a75ef99f167a6418348525c176a22f) Importer(815301076,1909f56bfc062723c751e8b465ee728b)
Start importing Assets/AssetsHandMade/Assets/UI/Test2 Canvas.prefab using Guid(c6a75ef99f167a6418348525c176a22f) Importer(815301076,1909f56bfc062723c751e8b465ee728b)  -> (artifact id: '8b66f03c86bcab81a626dfd515dd3e0e') in 0.040899 seconds
Number of updated asset objects reloaded before import = 0
Number of asset objects unloaded after import = 52
========================================================================
Received Import Request.
  Time since last request: 1964.911831 seconds.
  path: Assets/Original Wood Textures
  artifactKey: Guid(f25510bcb3b673848ba726bc6103436f) Importer(815301076,1909f56bfc062723c751e8b465ee728b)
Start importing Assets/Original Wood Textures using Guid(f25510bcb3b673848ba726bc6103436f) Importer(815301076,1909f56bfc062723c751e8b465ee728b)  -> (artifact id: 'ee10d69d3b57f25ecaced7c48c7d93c0') in 0.000784 seconds
Number of updated asset objects reloaded before import = 0
Number of asset objects unloaded after import = 0
========================================================================
Received Import Request.
  Time since last request: 1.212605 seconds.
  path: Assets/Original Wood Textures/Wood Texture 01
  artifactKey: Guid(d81fa0d58f7b50c4ea49b9482034a552) Importer(815301076,1909f56bfc062723c751e8b465ee728b)
Start importing Assets/Original Wood Textures/Wood Texture 01 using Guid(d81fa0d58f7b50c4ea49b9482034a552) Importer(815301076,1909f56bfc062723c751e8b465ee728b)  -> (artifact id: 'c278902faae4664634bb1744eacb8b04') in 0.000624 seconds
Number of updated asset objects reloaded before import = 0
Number of asset objects unloaded after import = 0
========================================================================
Received Import Request.
  Time since last request: 0.057807 seconds.
  path: Assets/Original Wood Textures/Wood Texture 01/Wood Texture 01.mat
  artifactKey: Guid(d9e6a8c3b79a0ac4d8e9776bb25bfa16) Importer(815301076,1909f56bfc062723c751e8b465ee728b)
Start importing Assets/Original Wood Textures/Wood Texture 01/Wood Texture 01.mat using Guid(d9e6a8c3b79a0ac4d8e9776bb25bfa16) Importer(815301076,1909f56bfc062723c751e8b465ee728b)  -> (artifact id: '61b5451e126df3223775f0fa37086fac') in 1.112287 seconds
Number of updated asset objects reloaded before import = 0
Number of asset objects unloaded after import = 4
========================================================================
Received Import Request.
  Time since last request: 1.393831 seconds.
  path: Assets/Original Wood Textures/Wood Texture 02
  artifactKey: Guid(9eb07003b622b6b4f8201e6ef04b874b) Importer(815301076,1909f56bfc062723c751e8b465ee728b)
Start importing Assets/Original Wood Textures/Wood Texture 02 using Guid(9eb07003b622b6b4f8201e6ef04b874b) Importer(815301076,1909f56bfc062723c751e8b465ee728b)  -> (artifact id: '24929303d0cb5941f2d3b2a79f1aadf9') in 0.000594 seconds
Number of updated asset objects reloaded before import = 0
Number of asset objects unloaded after import = 0
========================================================================
Received Import Request.
  Time since last request: 0.049037 seconds.
  path: Assets/Original Wood Textures/Wood Texture 02/Wood Texture 02.mat
  artifactKey: Guid(5eb7ee7380c58854885d9b0c36e8972f) Importer(815301076,1909f56bfc062723c751e8b465ee728b)
Start importing Assets/Original Wood Textures/Wood Texture 02/Wood Texture 02.mat using Guid(5eb7ee7380c58854885d9b0c36e8972f) Importer(815301076,1909f56bfc062723c751e8b465ee728b)  -> (artifact id: 'd0816c663d893acd1c5e7adce8d923f4') in 0.020154 seconds
Number of updated asset objects reloaded before import = 0
Number of asset objects unloaded after import = 4
========================================================================
Received Import Request.
  Time since last request: 1.462347 seconds.
  path: Assets/Original Wood Textures/Wood Texture 03
  artifactKey: Guid(7c4c06fa4adeec44c963ed4a149378a9) Importer(815301076,1909f56bfc062723c751e8b465ee728b)
Start importing Assets/Original Wood Textures/Wood Texture 03 using Guid(7c4c06fa4adeec44c963ed4a149378a9) Importer(815301076,1909f56bfc062723c751e8b465ee728b)  -> (artifact id: '628baecc03267b138527cce3d71b2614') in 0.000608 seconds
Number of updated asset objects reloaded before import = 0
Number of asset objects unloaded after import = 0
========================================================================
Received Import Request.
  Time since last request: 0.749962 seconds.
  path: Assets/Original Wood Textures/Wood Texture 03/Wood Texture 03.mat
  artifactKey: Guid(5d6806ab6c681494e81a3e2d7de093a3) Importer(815301076,1909f56bfc062723c751e8b465ee728b)
Start importing Assets/Original Wood Textures/Wood Texture 03/Wood Texture 03.mat using Guid(5d6806ab6c681494e81a3e2d7de093a3) Importer(815301076,1909f56bfc062723c751e8b465ee728b)  -> (artifact id: '45838324e76887ede5e07c62a0ba67a6') in 0.018412 seconds
Number of updated asset objects reloaded before import = 0
Number of asset objects unloaded after import = 4
========================================================================
Received Import Request.
  Time since last request: 0.000020 seconds.
  path: Assets/Original Wood Textures/Wood Texture 03/Wood Texture 03 normal.tga
  artifactKey: Guid(81916294af2dfe646875bdfa4fea17dd) Importer(815301076,1909f56bfc062723c751e8b465ee728b)
Start importing Assets/Original Wood Textures/Wood Texture 03/Wood Texture 03 normal.tga using Guid(81916294af2dfe646875bdfa4fea17dd) Importer(815301076,1909f56bfc062723c751e8b465ee728b)  -> (artifact id: 'd045ed49821e0be4ac3d41df5754a2d7') in 0.024077 seconds
Number of updated asset objects reloaded before import = 0
Number of asset objects unloaded after import = 2
========================================================================
Received Import Request.
  Time since last request: 1.532440 seconds.
  path: Assets/Original Wood Textures/Wood Texture 04
  artifactKey: Guid(7fe66abe44d1f764c81f4b08015a6b3d) Importer(815301076,1909f56bfc062723c751e8b465ee728b)
Start importing Assets/Original Wood Textures/Wood Texture 04 using Guid(7fe66abe44d1f764c81f4b08015a6b3d) Importer(815301076,1909f56bfc062723c751e8b465ee728b)  -> (artifact id: '59b954b7eaef5f4ab1de7b0a36c7c268') in 0.000615 seconds
Number of updated asset objects reloaded before import = 0
Number of asset objects unloaded after import = 0
========================================================================
Received Import Request.
  Time since last request: 0.078949 seconds.
  path: Assets/Original Wood Textures/Wood Texture 04/Wood Texture 04.mat
  artifactKey: Guid(cdd0f621478771b45b4fc5898d61191d) Importer(815301076,1909f56bfc062723c751e8b465ee728b)
Start importing Assets/Original Wood Textures/Wood Texture 04/Wood Texture 04.mat using Guid(cdd0f621478771b45b4fc5898d61191d) Importer(815301076,1909f56bfc062723c751e8b465ee728b)  -> (artifact id: 'a37598df008363f368d31d43b491a75a') in 0.008794 seconds
Number of updated asset objects reloaded before import = 0
Number of asset objects unloaded after import = 4
========================================================================
Received Import Request.
  Time since last request: 0.000031 seconds.
  path: Assets/Original Wood Textures/Wood Texture 04/Wood Texture 04 normal.tga
  artifactKey: Guid(953d4f6c4e384434a997ab66210c822d) Importer(815301076,1909f56bfc062723c751e8b465ee728b)
Start importing Assets/Original Wood Textures/Wood Texture 04/Wood Texture 04 normal.tga using Guid(953d4f6c4e384434a997ab66210c822d) Importer(815301076,1909f56bfc062723c751e8b465ee728b)  -> (artifact id: 'b683fde8feb9cf577b9987dded63b69d') in 0.013329 seconds
Number of updated asset objects reloaded before import = 0
Number of asset objects unloaded after import = 2
========================================================================
Received Import Request.
  Time since last request: 1.051527 seconds.
  path: Assets/Original Wood Textures/Wood Texture 05
  artifactKey: Guid(91f4cb7003ef9e94181833f3f129a301) Importer(815301076,1909f56bfc062723c751e8b465ee728b)
Start importing Assets/Original Wood Textures/Wood Texture 05 using Guid(91f4cb7003ef9e94181833f3f129a301) Importer(815301076,1909f56bfc062723c751e8b465ee728b)  -> (artifact id: '0c4cbcbe9331e17c3578bad522004f7d') in 0.000472 seconds
Number of updated asset objects reloaded before import = 0
Number of asset objects unloaded after import = 0
========================================================================
Received Import Request.
  Time since last request: 0.053704 seconds.
  path: Assets/Original Wood Textures/Wood Texture 05/Wood Texture 05.mat
  artifactKey: Guid(681e525d0bcd7c048882cf869c20ebc5) Importer(815301076,1909f56bfc062723c751e8b465ee728b)
Start importing Assets/Original Wood Textures/Wood Texture 05/Wood Texture 05.mat using Guid(681e525d0bcd7c048882cf869c20ebc5) Importer(815301076,1909f56bfc062723c751e8b465ee728b)  -> (artifact id: 'fbea3c17af2203ca42b258b6c1348fcb') in 0.009328 seconds
Number of updated asset objects reloaded before import = 0
Number of asset objects unloaded after import = 4
========================================================================
Received Import Request.
  Time since last request: 0.000019 seconds.
  path: Assets/Original Wood Textures/Wood Texture 05/Wood Texture 05 normal.tga
  artifactKey: Guid(ccad681da3501284eb30bd9d0ea1b421) Importer(815301076,1909f56bfc062723c751e8b465ee728b)
Start importing Assets/Original Wood Textures/Wood Texture 05/Wood Texture 05 normal.tga using Guid(ccad681da3501284eb30bd9d0ea1b421) Importer(815301076,1909f56bfc062723c751e8b465ee728b)  -> (artifact id: 'bf47dac342891368a8863a136e8f0c8a') in 0.014828 seconds
Number of updated asset objects reloaded before import = 0
Number of asset objects unloaded after import = 2
========================================================================
Received Import Request.
  Time since last request: 75.087590 seconds.
  path: Assets/Original Wood Textures/Wood Texture 06
  artifactKey: Guid(bd2f2d26a5179374ba7689d5d4ed4b80) Importer(815301076,1909f56bfc062723c751e8b465ee728b)
Start importing Assets/Original Wood Textures/Wood Texture 06 using Guid(bd2f2d26a5179374ba7689d5d4ed4b80) Importer(815301076,1909f56bfc062723c751e8b465ee728b)  -> (artifact id: '2b1cb5e6b5b94aa8b4c7b6ef6cef0ebd') in 0.000626 seconds
Number of updated asset objects reloaded before import = 0
Number of asset objects unloaded after import = 0
========================================================================
Received Import Request.
  Time since last request: 0.060254 seconds.
  path: Assets/Original Wood Textures/Wood Texture 06/Wood Texture 06.mat
  artifactKey: Guid(7ab5419603cdd1b47bcffeff55825849) Importer(815301076,1909f56bfc062723c751e8b465ee728b)
Start importing Assets/Original Wood Textures/Wood Texture 06/Wood Texture 06.mat using Guid(7ab5419603cdd1b47bcffeff55825849) Importer(815301076,1909f56bfc062723c751e8b465ee728b)  -> (artifact id: 'ff28ff9b47858b9fd186ced0d115297a') in 0.014664 seconds
Number of updated asset objects reloaded before import = 0
Number of asset objects unloaded after import = 4
========================================================================
Received Import Request.
  Time since last request: 0.000023 seconds.
  path: Assets/Original Wood Textures/Wood Texture 06/Wood Texture 06 normal.tga
  artifactKey: Guid(1ed717576c1cf2d41aebacea538e0a8f) Importer(815301076,1909f56bfc062723c751e8b465ee728b)
Start importing Assets/Original Wood Textures/Wood Texture 06/Wood Texture 06 normal.tga using Guid(1ed717576c1cf2d41aebacea538e0a8f) Importer(815301076,1909f56bfc062723c751e8b465ee728b)  -> (artifact id: '43d1eb82aace018c05d30947fb2c9e95') in 0.015053 seconds
Number of updated asset objects reloaded before import = 0
Number of asset objects unloaded after import = 2
========================================================================
Received Import Request.
  Time since last request: 10.278499 seconds.
  path: Assets/Original Wood Textures/Wood Texture 08
  artifactKey: Guid(93ea06ba7e289fe48a22b14479cabfde) Importer(815301076,1909f56bfc062723c751e8b465ee728b)
Start importing Assets/Original Wood Textures/Wood Texture 08 using Guid(93ea06ba7e289fe48a22b14479cabfde) Importer(815301076,1909f56bfc062723c751e8b465ee728b)  -> (artifact id: '2b8ddae9ffec324057ef5921ec231225') in 0.000624 seconds
Number of updated asset objects reloaded before import = 0
Number of asset objects unloaded after import = 0
========================================================================
Received Import Request.
  Time since last request: 0.040112 seconds.
  path: Assets/Original Wood Textures/Wood Texture 08/Wood Texture 08.mat
  artifactKey: Guid(e717b0cd41e24164aa3c9f75ec9282be) Importer(815301076,1909f56bfc062723c751e8b465ee728b)
Start importing Assets/Original Wood Textures/Wood Texture 08/Wood Texture 08.mat using Guid(e717b0cd41e24164aa3c9f75ec9282be) Importer(815301076,1909f56bfc062723c751e8b465ee728b)  -> (artifact id: 'df15b7adf33c8799862211cb5f466187') in 0.008630 seconds
Number of updated asset objects reloaded before import = 0
Number of asset objects unloaded after import = 4
========================================================================
Received Import Request.
  Time since last request: 0.000018 seconds.
  path: Assets/Original Wood Textures/Wood Texture 08/Wood Texture 08 normal.tga
  artifactKey: Guid(09eb39d878c1d8244a5a4f543a9112cb) Importer(815301076,1909f56bfc062723c751e8b465ee728b)
Start importing Assets/Original Wood Textures/Wood Texture 08/Wood Texture 08 normal.tga using Guid(09eb39d878c1d8244a5a4f543a9112cb) Importer(815301076,1909f56bfc062723c751e8b465ee728b)  -> (artifact id: '53c18bba9e459f96397ff8627680e0b8') in 0.014471 seconds
Number of updated asset objects reloaded before import = 0
Number of asset objects unloaded after import = 2
========================================================================
Received Import Request.
  Time since last request: 1.845017 seconds.
  path: Assets/Original Wood Textures/Wood Texture 09
  artifactKey: Guid(608c4ad7ba44f884eb19f4591a26e8fd) Importer(815301076,1909f56bfc062723c751e8b465ee728b)
Start importing Assets/Original Wood Textures/Wood Texture 09 using Guid(608c4ad7ba44f884eb19f4591a26e8fd) Importer(815301076,1909f56bfc062723c751e8b465ee728b)  -> (artifact id: '98a3fc575472ea4e71377620c7ff032a') in 0.000492 seconds
Number of updated asset objects reloaded before import = 0
Number of asset objects unloaded after import = 0
========================================================================
Received Import Request.
  Time since last request: 0.049338 seconds.
  path: Assets/Original Wood Textures/Wood Texture 09/Wood Texture 09.mat
  artifactKey: Guid(6cfcab824d7b63a40bf197a49d6c1301) Importer(815301076,1909f56bfc062723c751e8b465ee728b)
Start importing Assets/Original Wood Textures/Wood Texture 09/Wood Texture 09.mat using Guid(6cfcab824d7b63a40bf197a49d6c1301) Importer(815301076,1909f56bfc062723c751e8b465ee728b)  -> (artifact id: 'ce47534db853cfa0ab209082cac39453') in 0.009082 seconds
Number of updated asset objects reloaded before import = 0
Number of asset objects unloaded after import = 4
========================================================================
Received Import Request.
  Time since last request: 0.000022 seconds.
  path: Assets/Original Wood Textures/Wood Texture 09/Wood Texture 09 normal.tga
  artifactKey: Guid(ba20c94d07a7d944581b737e27dafa60) Importer(815301076,1909f56bfc062723c751e8b465ee728b)
Start importing Assets/Original Wood Textures/Wood Texture 09/Wood Texture 09 normal.tga using Guid(ba20c94d07a7d944581b737e27dafa60) Importer(815301076,1909f56bfc062723c751e8b465ee728b)  -> (artifact id: 'a01ab3cefc449033df86cc6f86a31481') in 0.014710 seconds
Number of updated asset objects reloaded before import = 0
Number of asset objects unloaded after import = 2
========================================================================
Received Import Request.
  Time since last request: 2.047303 seconds.
  path: Assets/Original Wood Textures/Wood Texture 10
  artifactKey: Guid(bbb6718fdf787a5468498c6b87f4f135) Importer(815301076,1909f56bfc062723c751e8b465ee728b)
Start importing Assets/Original Wood Textures/Wood Texture 10 using Guid(bbb6718fdf787a5468498c6b87f4f135) Importer(815301076,1909f56bfc062723c751e8b465ee728b)  -> (artifact id: 'e938e98866720388e15225652dc24fe9') in 0.000519 seconds
Number of updated asset objects reloaded before import = 0
Number of asset objects unloaded after import = 0
========================================================================
Received Import Request.
  Time since last request: 0.029690 seconds.
  path: Assets/Original Wood Textures/Wood Texture 10/Wood Texture 10.mat
  artifactKey: Guid(a706750e2b11b2b458e8e27be3fd8bd7) Importer(815301076,1909f56bfc062723c751e8b465ee728b)
Start importing Assets/Original Wood Textures/Wood Texture 10/Wood Texture 10.mat using Guid(a706750e2b11b2b458e8e27be3fd8bd7) Importer(815301076,1909f56bfc062723c751e8b465ee728b)  -> (artifact id: '9ccb6196a5978226363d0f6e366e375f') in 0.008714 seconds
Number of updated asset objects reloaded before import = 0
Number of asset objects unloaded after import = 4
========================================================================
Received Import Request.
  Time since last request: 0.000018 seconds.
  path: Assets/Original Wood Textures/Wood Texture 10/Wood Texture 10 normal.tga
  artifactKey: Guid(c2d07e1736af907429e37195314ef6c1) Importer(815301076,1909f56bfc062723c751e8b465ee728b)
Start importing Assets/Original Wood Textures/Wood Texture 10/Wood Texture 10 normal.tga using Guid(c2d07e1736af907429e37195314ef6c1) Importer(815301076,1909f56bfc062723c751e8b465ee728b)  -> (artifact id: 'fa1d556e3b1e4c6369f1787ab6639439') in 0.015508 seconds
Number of updated asset objects reloaded before import = 0
Number of asset objects unloaded after import = 2
========================================================================
Received Import Request.
  Time since last request: 2.212209 seconds.
  path: Assets/Original Wood Textures/Wood Texture 11
  artifactKey: Guid(688549028058753479940e6634ce10c7) Importer(815301076,1909f56bfc062723c751e8b465ee728b)
Start importing Assets/Original Wood Textures/Wood Texture 11 using Guid(688549028058753479940e6634ce10c7) Importer(815301076,1909f56bfc062723c751e8b465ee728b)  -> (artifact id: '7bd8144c9949144707fd5e19983c4a2e') in 0.000749 seconds
Number of updated asset objects reloaded before import = 0
Number of asset objects unloaded after import = 0
========================================================================
Received Import Request.
  Time since last request: 0.047452 seconds.
  path: Assets/Original Wood Textures/Wood Texture 11/Wood Texture 11.mat
  artifactKey: Guid(73b2c0235b19a624f810b26924156580) Importer(815301076,1909f56bfc062723c751e8b465ee728b)
Start importing Assets/Original Wood Textures/Wood Texture 11/Wood Texture 11.mat using Guid(73b2c0235b19a624f810b26924156580) Importer(815301076,1909f56bfc062723c751e8b465ee728b)  -> (artifact id: '29fecac5d291a562e09bc37688f85497') in 0.008480 seconds
Number of updated asset objects reloaded before import = 0
Number of asset objects unloaded after import = 4
========================================================================
Received Import Request.
  Time since last request: 0.000021 seconds.
  path: Assets/Original Wood Textures/Wood Texture 11/Wood Texture 11 normal.tga
  artifactKey: Guid(c35b9269897be2d41a3b65dfda2881b0) Importer(815301076,1909f56bfc062723c751e8b465ee728b)
Start importing Assets/Original Wood Textures/Wood Texture 11/Wood Texture 11 normal.tga using Guid(c35b9269897be2d41a3b65dfda2881b0) Importer(815301076,1909f56bfc062723c751e8b465ee728b)  -> (artifact id: '7097bbc584df1f95a60d680d575297e4') in 0.013817 seconds
Number of updated asset objects reloaded before import = 0
Number of asset objects unloaded after import = 2
========================================================================
Received Import Request.
  Time since last request: 4.567651 seconds.
  path: Assets/Original Wood Textures/Wood Texture 12
  artifactKey: Guid(f679d275d87cc0946bfc3a76347c8653) Importer(815301076,1909f56bfc062723c751e8b465ee728b)
Start importing Assets/Original Wood Textures/Wood Texture 12 using Guid(f679d275d87cc0946bfc3a76347c8653) Importer(815301076,1909f56bfc062723c751e8b465ee728b)  -> (artifact id: '783788bec21dc7828b5bccb8f47b8ff7') in 0.000489 seconds
Number of updated asset objects reloaded before import = 0
Number of asset objects unloaded after import = 0
========================================================================
Received Import Request.
  Time since last request: 0.055419 seconds.
  path: Assets/Original Wood Textures/Wood Texture 12/Wood Texture 12.mat
  artifactKey: Guid(c75e6289c2502a644a113f17d89ac433) Importer(815301076,1909f56bfc062723c751e8b465ee728b)
Start importing Assets/Original Wood Textures/Wood Texture 12/Wood Texture 12.mat using Guid(c75e6289c2502a644a113f17d89ac433) Importer(815301076,1909f56bfc062723c751e8b465ee728b)  -> (artifact id: '427c365a4faa5f335bcb029070a6e68a') in 0.008738 seconds
Number of updated asset objects reloaded before import = 0
Number of asset objects unloaded after import = 4
========================================================================
Received Import Request.
  Time since last request: 0.000031 seconds.
  path: Assets/Original Wood Textures/Wood Texture 12/Wood Texture 12 normal.tga
  artifactKey: Guid(c0688b9c82071394ba88f7a02a2f4049) Importer(815301076,1909f56bfc062723c751e8b465ee728b)
Start importing Assets/Original Wood Textures/Wood Texture 12/Wood Texture 12 normal.tga using Guid(c0688b9c82071394ba88f7a02a2f4049) Importer(815301076,1909f56bfc062723c751e8b465ee728b)  -> (artifact id: '5a0621fac8f2d74a698b3e2f20a798d7') in 0.013163 seconds
Number of updated asset objects reloaded before import = 0
Number of asset objects unloaded after import = 2
========================================================================
Received Import Request.
  Time since last request: 1.472745 seconds.
  path: Assets/Original Wood Textures/Wood Texture 13
  artifactKey: Guid(04bc78100b170a94a9b200e2cfcd0eca) Importer(815301076,1909f56bfc062723c751e8b465ee728b)
Start importing Assets/Original Wood Textures/Wood Texture 13 using Guid(04bc78100b170a94a9b200e2cfcd0eca) Importer(815301076,1909f56bfc062723c751e8b465ee728b)  -> (artifact id: 'db659a46a310e1e8ea5353c7b87207d1') in 0.000641 seconds
Number of updated asset objects reloaded before import = 0
Number of asset objects unloaded after import = 0
========================================================================
Received Import Request.
  Time since last request: 0.066088 seconds.
  path: Assets/Original Wood Textures/Wood Texture 13/Wood Texture 13.mat
  artifactKey: Guid(1cedce7db56d8a24bacbf04e764ad74a) Importer(815301076,1909f56bfc062723c751e8b465ee728b)
Start importing Assets/Original Wood Textures/Wood Texture 13/Wood Texture 13.mat using Guid(1cedce7db56d8a24bacbf04e764ad74a) Importer(815301076,1909f56bfc062723c751e8b465ee728b)  -> (artifact id: '42b3c400b9e1ba9dfccb3718f7e5172d') in 0.008560 seconds
Number of updated asset objects reloaded before import = 0
Number of asset objects unloaded after import = 4
========================================================================
Received Import Request.
  Time since last request: 0.000020 seconds.
  path: Assets/Original Wood Textures/Wood Texture 13/Wood Texture 13 normal.tga
  artifactKey: Guid(771d8a58ca9c77b47a5729697f97a50a) Importer(815301076,1909f56bfc062723c751e8b465ee728b)
Start importing Assets/Original Wood Textures/Wood Texture 13/Wood Texture 13 normal.tga using Guid(771d8a58ca9c77b47a5729697f97a50a) Importer(815301076,1909f56bfc062723c751e8b465ee728b)  -> (artifact id: '3f4cd43a79d46e3a885a59511eeae45f') in 0.014965 seconds
Number of updated asset objects reloaded before import = 0
Number of asset objects unloaded after import = 2
========================================================================
Received Import Request.
  Time since last request: 2.726836 seconds.
  path: Assets/Original Wood Textures/Wood Texture 14
  artifactKey: Guid(036342d908c725b4fa31fcac78338fbf) Importer(815301076,1909f56bfc062723c751e8b465ee728b)
Start importing Assets/Original Wood Textures/Wood Texture 14 using Guid(036342d908c725b4fa31fcac78338fbf) Importer(815301076,1909f56bfc062723c751e8b465ee728b)  -> (artifact id: '608f105b3749e7d2e4f75a9f4a9556dd') in 0.000587 seconds
Number of updated asset objects reloaded before import = 0
Number of asset objects unloaded after import = 0
========================================================================
Received Import Request.
  Time since last request: 1.105852 seconds.
  path: Assets/Original Wood Textures/Wood Texture 14/Wood Texture 14.mat
  artifactKey: Guid(f03a6306859a0e2479fb8cc6d0553baf) Importer(815301076,1909f56bfc062723c751e8b465ee728b)
Start importing Assets/Original Wood Textures/Wood Texture 14/Wood Texture 14.mat using Guid(f03a6306859a0e2479fb8cc6d0553baf) Importer(815301076,1909f56bfc062723c751e8b465ee728b)  -> (artifact id: 'c6440248b78e53b976ba8b5cf16073be') in 0.019259 seconds
Number of updated asset objects reloaded before import = 0
Number of asset objects unloaded after import = 4
========================================================================
Received Import Request.
  Time since last request: 0.000018 seconds.
  path: Assets/Original Wood Textures/Wood Texture 14/Wood Texture 14 normal.tga
  artifactKey: Guid(7e0d5aa6aab8f444a99dc28f0a08956b) Importer(815301076,1909f56bfc062723c751e8b465ee728b)
Start importing Assets/Original Wood Textures/Wood Texture 14/Wood Texture 14 normal.tga using Guid(7e0d5aa6aab8f444a99dc28f0a08956b) Importer(815301076,1909f56bfc062723c751e8b465ee728b)  -> (artifact id: 'a67736b54151451b7441dd7d8a92d9ff') in 0.014130 seconds
Number of updated asset objects reloaded before import = 0
Number of asset objects unloaded after import = 2
========================================================================
Received Import Request.
  Time since last request: 1.787210 seconds.
  path: Assets/Original Wood Textures/Wood Texture 15
  artifactKey: Guid(06d609cae28648c498acf6d2254495d2) Importer(815301076,1909f56bfc062723c751e8b465ee728b)
Start importing Assets/Original Wood Textures/Wood Texture 15 using Guid(06d609cae28648c498acf6d2254495d2) Importer(815301076,1909f56bfc062723c751e8b465ee728b)  -> (artifact id: 'e2bdf4ef07153c1a6726e38b8e6e1d71') in 0.000476 seconds
Number of updated asset objects reloaded before import = 0
Number of asset objects unloaded after import = 0
========================================================================
Received Import Request.
  Time since last request: 0.058203 seconds.
  path: Assets/Original Wood Textures/Wood Texture 15/Wood Texture 15.mat
  artifactKey: Guid(d64e6cad4dbba3049895ced83800f404) Importer(815301076,1909f56bfc062723c751e8b465ee728b)
Start importing Assets/Original Wood Textures/Wood Texture 15/Wood Texture 15.mat using Guid(d64e6cad4dbba3049895ced83800f404) Importer(815301076,1909f56bfc062723c751e8b465ee728b)  -> (artifact id: '747e8a14bda9818ced5407559d51097c') in 0.008994 seconds
Number of updated asset objects reloaded before import = 0
Number of asset objects unloaded after import = 4
========================================================================
Received Import Request.
  Time since last request: 0.000022 seconds.
  path: Assets/Original Wood Textures/Wood Texture 15/Wood Texture 15 normal.tga
  artifactKey: Guid(f9d084406c1055f49b3430a9cf909f3d) Importer(815301076,1909f56bfc062723c751e8b465ee728b)
Start importing Assets/Original Wood Textures/Wood Texture 15/Wood Texture 15 normal.tga using Guid(f9d084406c1055f49b3430a9cf909f3d) Importer(815301076,1909f56bfc062723c751e8b465ee728b)  -> (artifact id: 'f65b9caf6e4037043d1171b32fb79520') in 0.013761 seconds
Number of updated asset objects reloaded before import = 0
Number of asset objects unloaded after import = 2
========================================================================
Received Import Request.
  Time since last request: 4.141816 seconds.
  path: Assets/Original Wood Textures/Wood Texture 07
  artifactKey: Guid(bdb49a9a7a7c7d84b89e003bfe21bc14) Importer(815301076,1909f56bfc062723c751e8b465ee728b)
Start importing Assets/Original Wood Textures/Wood Texture 07 using Guid(bdb49a9a7a7c7d84b89e003bfe21bc14) Importer(815301076,1909f56bfc062723c751e8b465ee728b)  -> (artifact id: 'abef1342492be96224726470433e37f2') in 0.000502 seconds
Number of updated asset objects reloaded before import = 0
Number of asset objects unloaded after import = 0
========================================================================
Received Import Request.
  Time since last request: 0.039428 seconds.
  path: Assets/Original Wood Textures/Wood Texture 07/Wood Texture 07.mat
  artifactKey: Guid(c19bbcc8fee9ce248bd8330bfee77fa1) Importer(815301076,1909f56bfc062723c751e8b465ee728b)
Start importing Assets/Original Wood Textures/Wood Texture 07/Wood Texture 07.mat using Guid(c19bbcc8fee9ce248bd8330bfee77fa1) Importer(815301076,1909f56bfc062723c751e8b465ee728b)  -> (artifact id: '51f355cb81c4af2a400411000611facd') in 0.008185 seconds
Number of updated asset objects reloaded before import = 0
Number of asset objects unloaded after import = 4
========================================================================
Received Import Request.
  Time since last request: 0.000018 seconds.
  path: Assets/Original Wood Textures/Wood Texture 07/Wood Texture 07 normal.tga
  artifactKey: Guid(de1e0317bd1bd5640ad3cd2e14bc5a35) Importer(815301076,1909f56bfc062723c751e8b465ee728b)
Start importing Assets/Original Wood Textures/Wood Texture 07/Wood Texture 07 normal.tga using Guid(de1e0317bd1bd5640ad3cd2e14bc5a35) Importer(815301076,1909f56bfc062723c751e8b465ee728b)  -> (artifact id: 'a4aa4ecea620237b26913fc885b46df6') in 0.014560 seconds
Number of updated asset objects reloaded before import = 0
Number of asset objects unloaded after import = 2
========================================================================
Received Import Request.
  Time since last request: 55.722845 seconds.
  path: Assets/Original Wood Textures/Wood Texture 05/Wood Texture 05.mat
  artifactKey: Guid(681e525d0bcd7c048882cf869c20ebc5) Importer(815301076,1909f56bfc062723c751e8b465ee728b)
Start importing Assets/Original Wood Textures/Wood Texture 05/Wood Texture 05.mat using Guid(681e525d0bcd7c048882cf869c20ebc5) Importer(815301076,1909f56bfc062723c751e8b465ee728b)  -> (artifact id: '503e87442e5aff0867e48da38f7a5278') in 0.023849 seconds
Number of updated asset objects reloaded before import = 0
Number of asset objects unloaded after import = 4
========================================================================
Received Import Request.
  Time since last request: 7.457217 seconds.
  path: Assets/Original Wood Textures/Wood Texture 05/Wood Texture Two.mat
  artifactKey: Guid(f32363fb996d7574aa36cec8567ec127) Importer(815301076,1909f56bfc062723c751e8b465ee728b)
Start importing Assets/Original Wood Textures/Wood Texture 05/Wood Texture Two.mat using Guid(f32363fb996d7574aa36cec8567ec127) Importer(815301076,1909f56bfc062723c751e8b465ee728b)  -> (artifact id: '5a8dc175bb0e228b5f9ed16de5a81e2d') in 0.018766 seconds
Number of updated asset objects reloaded before import = 0
Number of asset objects unloaded after import = 4
========================================================================
Received Import Request.
  Time since last request: 50.671271 seconds.
  path: Assets/Original Wood Textures/Wood Texture 05/Wood Texture 05.mat
  artifactKey: Guid(681e525d0bcd7c048882cf869c20ebc5) Importer(815301076,1909f56bfc062723c751e8b465ee728b)
Start importing Assets/Original Wood Textures/Wood Texture 05/Wood Texture 05.mat using Guid(681e525d0bcd7c048882cf869c20ebc5) Importer(815301076,1909f56bfc062723c751e8b465ee728b)  -> (artifact id: 'cac46f5fb94844ccc7a317cf5408a4fa') in 0.019921 seconds
Number of updated asset objects reloaded before import = 0
Number of asset objects unloaded after import = 4
========================================================================
Received Import Request.
  Time since last request: 7.462951 seconds.
  path: Assets/Original Wood Textures/Wood Texture 05/Wood Texture Doors and windows.mat
  artifactKey: Guid(b93eda673cee38345a7237c7a4e6fc36) Importer(815301076,1909f56bfc062723c751e8b465ee728b)
Start importing Assets/Original Wood Textures/Wood Texture 05/Wood Texture Doors and windows.mat using Guid(b93eda673cee38345a7237c7a4e6fc36) Importer(815301076,1909f56bfc062723c751e8b465ee728b)  -> (artifact id: 'd6c2979862c48882b10576260bbdb57b') in 0.016266 seconds
Number of updated asset objects reloaded before import = 0
Number of asset objects unloaded after import = 4
========================================================================
Received Import Request.
  Time since last request: 73.248289 seconds.
  path: Assets/Original Wood Textures/Wood Texture 05/Wood Texture Doors and windows.mat
  artifactKey: Guid(b93eda673cee38345a7237c7a4e6fc36) Importer(815301076,1909f56bfc062723c751e8b465ee728b)
Start importing Assets/Original Wood Textures/Wood Texture 05/Wood Texture Doors and windows.mat using Guid(b93eda673cee38345a7237c7a4e6fc36) Importer(815301076,1909f56bfc062723c751e8b465ee728b)  -> (artifact id: 'be100aef05af59aa599b3d9d8d2c8dbb') in 0.016193 seconds
Number of updated asset objects reloaded before import = 0
Number of asset objects unloaded after import = 4
========================================================================
Received Import Request.
  Time since last request: 10.476757 seconds.
  path: Assets/AssetsHandMade/Rooms
  artifactKey: Guid(8c3fc137093cfd64699ea7f88f214570) Importer(815301076,1909f56bfc062723c751e8b465ee728b)
Start importing Assets/AssetsHandMade/Rooms using Guid(8c3fc137093cfd64699ea7f88f214570) Importer(815301076,1909f56bfc062723c751e8b465ee728b)  -> (artifact id: '1982b01c7415ec2343f2e2e2a0459d8b') in 0.000476 seconds
Number of updated asset objects reloaded before import = 0
Number of asset objects unloaded after import = 0
========================================================================
Received Import Request.
  Time since last request: 0.070943 seconds.
  path: Assets/AssetsHandMade/Rooms/BureauEnDessousMousin.prefab
  artifactKey: Guid(018d91ea69ff5f9498456ce70e80b7bd) Importer(815301076,1909f56bfc062723c751e8b465ee728b)
Start importing Assets/AssetsHandMade/Rooms/BureauEnDessousMousin.prefab using Guid(018d91ea69ff5f9498456ce70e80b7bd) Importer(815301076,1909f56bfc062723c751e8b465ee728b)  -> (artifact id: '4f78893d261c0dfdfc8af80f21bf22b2') in 0.033838 seconds
Number of updated asset objects reloaded before import = 0
Number of asset objects unloaded after import = 326
========================================================================
Received Import Request.
  Time since last request: 0.000023 seconds.
  path: Assets/AssetsHandMade/Rooms/DataLab.prefab
  artifactKey: Guid(d8c54771338d51c439d01a03a48a6f70) Importer(815301076,1909f56bfc062723c751e8b465ee728b)
Start importing Assets/AssetsHandMade/Rooms/DataLab.prefab using Guid(d8c54771338d51c439d01a03a48a6f70) Importer(815301076,1909f56bfc062723c751e8b465ee728b)  -> (artifact id: '927bb6e8c61f456161a8c9e59d9c3b99') in 0.029220 seconds
Number of updated asset objects reloaded before import = 0
Number of asset objects unloaded after import = 627
========================================================================
Received Import Request.
  Time since last request: 0.000024 seconds.
  path: Assets/AssetsHandMade/Rooms/HallEntre.prefab
  artifactKey: Guid(71329aa348e65e94eb9c82733b42d27d) Importer(815301076,1909f56bfc062723c751e8b465ee728b)
Start importing Assets/AssetsHandMade/Rooms/HallEntre.prefab using Guid(71329aa348e65e94eb9c82733b42d27d) Importer(815301076,1909f56bfc062723c751e8b465ee728b)  -> (artifact id: '4e04a971f4234f558ba7863edc0b1e4b') in 0.013665 seconds
Number of updated asset objects reloaded before import = 0
Number of asset objects unloaded after import = 11
========================================================================
Received Import Request.
  Time since last request: 0.000021 seconds.
  path: Assets/AssetsHandMade/Rooms/BureauZouari.prefab
  artifactKey: Guid(f28fe61c963159343b34439f5deb26eb) Importer(815301076,1909f56bfc062723c751e8b465ee728b)
Start importing Assets/AssetsHandMade/Rooms/BureauZouari.prefab using Guid(f28fe61c963159343b34439f5deb26eb) Importer(815301076,1909f56bfc062723c751e8b465ee728b)  -> (artifact id: '49648fa17cbb3687e99ad269ae007d13') in 0.023219 seconds
Number of updated asset objects reloaded before import = 0
Number of asset objects unloaded after import = 196
========================================================================
Received Import Request.
  Time since last request: 0.000047 seconds.
  path: Assets/AssetsHandMade/Rooms/BureauZonz.prefab
  artifactKey: Guid(e714a51d1f2cc4e489ae9210d34ff32c) Importer(815301076,1909f56bfc062723c751e8b465ee728b)
Start importing Assets/AssetsHandMade/Rooms/BureauZonz.prefab using Guid(e714a51d1f2cc4e489ae9210d34ff32c) Importer(815301076,1909f56bfc062723c751e8b465ee728b)  -> (artifact id: '8cbbf7639048b4934756dcaacd99eadf') in 0.017147 seconds
Number of updated asset objects reloaded before import = 0
Number of asset objects unloaded after import = 208
========================================================================
Received Import Request.
  Time since last request: 0.000018 seconds.
  path: Assets/AssetsHandMade/Rooms/MakerLab.prefab
  artifactKey: Guid(a8b7198368e23194d965e2affcd992ce) Importer(815301076,1909f56bfc062723c751e8b465ee728b)
Start importing Assets/AssetsHandMade/Rooms/MakerLab.prefab using Guid(a8b7198368e23194d965e2affcd992ce) Importer(815301076,1909f56bfc062723c751e8b465ee728b)  -> (artifact id: '71a8c565a60001dd79921d9e4a9db912') in 0.024004 seconds
Number of updated asset objects reloaded before import = 0
Number of asset objects unloaded after import = 607
========================================================================
Received Import Request.
  Time since last request: 1.915209 seconds.
  path: Assets/AssetsHandMade/Assets/OfficeWindow.prefab
  artifactKey: Guid(7b434e99df2409e48b859ef9a4bbc9f6) Importer(815301076,1909f56bfc062723c751e8b465ee728b)
Start importing Assets/AssetsHandMade/Assets/OfficeWindow.prefab using Guid(7b434e99df2409e48b859ef9a4bbc9f6) Importer(815301076,1909f56bfc062723c751e8b465ee728b)  -> (artifact id: '377aa33ad4dda10ef872d5e81dbc9758') in 0.017091 seconds
Number of updated asset objects reloaded before import = 0
Number of asset objects unloaded after import = 34
========================================================================
Received Import Request.
  Time since last request: 17.983527 seconds.
  path: Assets/AssetsHandMade/Assets/backDoor.prefab
  artifactKey: Guid(f67f86faa8390e945b84246a3d8f5606) Importer(815301076,1909f56bfc062723c751e8b465ee728b)
Start importing Assets/AssetsHandMade/Assets/backDoor.prefab using Guid(f67f86faa8390e945b84246a3d8f5606) Importer(815301076,1909f56bfc062723c751e8b465ee728b)  -> (artifact id: '632f41fa9733dfa76b51b950f3a76031') in 0.014583 seconds
Number of updated asset objects reloaded before import = 0
Number of asset objects unloaded after import = 23
========================================================================
Received Import Request.
  Time since last request: 7.894463 seconds.
  path: Assets/AssetsHandMade/Assets/DoorWindow.prefab
  artifactKey: Guid(c2ba70f830204a54e93a24587a6ff6c8) Importer(815301076,1909f56bfc062723c751e8b465ee728b)
Start importing Assets/AssetsHandMade/Assets/DoorWindow.prefab using Guid(c2ba70f830204a54e93a24587a6ff6c8) Importer(815301076,1909f56bfc062723c751e8b465ee728b)  -> (artifact id: '3b5481aa0d09cc0504efb18cc2835e90') in 0.013841 seconds
Number of updated asset objects reloaded before import = 0
Number of asset objects unloaded after import = 42
========================================================================
Received Import Request.
  Time since last request: 54.000099 seconds.
  path: Assets/AssetsHandMade/Assets/DoorWindow.prefab
  artifactKey: Guid(c2ba70f830204a54e93a24587a6ff6c8) Importer(815301076,1909f56bfc062723c751e8b465ee728b)
Start importing Assets/AssetsHandMade/Assets/DoorWindow.prefab using Guid(c2ba70f830204a54e93a24587a6ff6c8) Importer(815301076,1909f56bfc062723c751e8b465ee728b)  -> (artifact id: '634c80da46f1bade9623e814e7b5dc35') in 0.020220 seconds
Number of updated asset objects reloaded before import = 0
Number of asset objects unloaded after import = 44
========================================================================
Received Import Request.
  Time since last request: 3.329099 seconds.
  path: Assets/AssetsHandMade/Rooms/BureauEnDessousMousin.prefab
  artifactKey: Guid(018d91ea69ff5f9498456ce70e80b7bd) Importer(815301076,1909f56bfc062723c751e8b465ee728b)
Start importing Assets/AssetsHandMade/Rooms/BureauEnDessousMousin.prefab using Guid(018d91ea69ff5f9498456ce70e80b7bd) Importer(815301076,1909f56bfc062723c751e8b465ee728b)  -> (artifact id: '1287151fc4cc1b9d67791aa611f7478e') in 0.018643 seconds
Number of updated asset objects reloaded before import = 0
Number of asset objects unloaded after import = 328
========================================================================
Received Import Request.
  Time since last request: 0.000021 seconds.
  path: Assets/AssetsHandMade/Rooms/DataLab.prefab
  artifactKey: Guid(d8c54771338d51c439d01a03a48a6f70) Importer(815301076,1909f56bfc062723c751e8b465ee728b)
Start importing Assets/AssetsHandMade/Rooms/DataLab.prefab using Guid(d8c54771338d51c439d01a03a48a6f70) Importer(815301076,1909f56bfc062723c751e8b465ee728b)  -> (artifact id: '34e1f5e9858742cb69d1ee624a198379') in 0.020637 seconds
Number of updated asset objects reloaded before import = 0
Number of asset objects unloaded after import = 618
========================================================================
Received Import Request.
  Time since last request: 0.000032 seconds.
  path: Assets/AssetsHandMade/Rooms/BureauSeb.prefab
  artifactKey: Guid(aa3f5fd3e28bd8741afc04cd3c743ae2) Importer(815301076,1909f56bfc062723c751e8b465ee728b)
Start importing Assets/AssetsHandMade/Rooms/BureauSeb.prefab using Guid(aa3f5fd3e28bd8741afc04cd3c743ae2) Importer(815301076,1909f56bfc062723c751e8b465ee728b)  -> (artifact id: '1dd5da80d47ffbbaae45fea64e93f8ae') in 0.020077 seconds
Number of updated asset objects reloaded before import = 0
Number of asset objects unloaded after import = 232
========================================================================
Received Import Request.
  Time since last request: 0.000026 seconds.
  path: Assets/AssetsHandMade/Rooms/IALab.prefab
  artifactKey: Guid(b47b156981d2c4c499bf58ae342560d6) Importer(815301076,1909f56bfc062723c751e8b465ee728b)
Start importing Assets/AssetsHandMade/Rooms/IALab.prefab using Guid(b47b156981d2c4c499bf58ae342560d6) Importer(815301076,1909f56bfc062723c751e8b465ee728b)  -> (artifact id: '79dd11ad079c6fed6b0c695294397ead') in 0.020051 seconds
Number of updated asset objects reloaded before import = 0
Number of asset objects unloaded after import = 783
========================================================================
Received Import Request.
  Time since last request: 0.000022 seconds.
  path: Assets/AssetsHandMade/Rooms/XRLab.prefab
  artifactKey: Guid(718cc73041d8e4244952ef916afae02d) Importer(815301076,1909f56bfc062723c751e8b465ee728b)
Start importing Assets/AssetsHandMade/Rooms/XRLab.prefab using Guid(718cc73041d8e4244952ef916afae02d) Importer(815301076,1909f56bfc062723c751e8b465ee728b)  -> (artifact id: 'e8c69491d1b69eb31bc901edfbb25b4f') in 0.022990 seconds
Number of updated asset objects reloaded before import = 0
Number of asset objects unloaded after import = 831
========================================================================
Received Import Request.
  Time since last request: 25.938080 seconds.
  path: Assets/Original Wood Textures/Wood Texture 05/Wood Texture 06.mat
  artifactKey: Guid(b70dffdf484591d42b7699effda4e3ab) Importer(815301076,1909f56bfc062723c751e8b465ee728b)
Start importing Assets/Original Wood Textures/Wood Texture 05/Wood Texture 06.mat using Guid(b70dffdf484591d42b7699effda4e3ab) Importer(815301076,1909f56bfc062723c751e8b465ee728b)  -> (artifact id: '32c3aa65e54e2c1ed9c89bdcdbaab846') in 0.017533 seconds
Number of updated asset objects reloaded before import = 0
Number of asset objects unloaded after import = 4
========================================================================
Received Import Request.
  Time since last request: 36.125666 seconds.
  path: Assets/Original Wood Textures/Wood Texture 05/Wood Texture 06.mat
  artifactKey: Guid(b70dffdf484591d42b7699effda4e3ab) Importer(815301076,1909f56bfc062723c751e8b465ee728b)
Start importing Assets/Original Wood Textures/Wood Texture 05/Wood Texture 06.mat using Guid(b70dffdf484591d42b7699effda4e3ab) Importer(815301076,1909f56bfc062723c751e8b465ee728b)  -> (artifact id: 'c6acf83d6e010d9d324349b099662884') in 0.015599 seconds
Number of updated asset objects reloaded before import = 0
Number of asset objects unloaded after import = 4
========================================================================
Received Import Request.
  Time since last request: 425.888680 seconds.
  path: Assets/AssetsHandMade/Textures
  artifactKey: Guid(ef57b931b04e44c45b5f26fc7cc6b0f8) Importer(815301076,1909f56bfc062723c751e8b465ee728b)
Start importing Assets/AssetsHandMade/Textures using Guid(ef57b931b04e44c45b5f26fc7cc6b0f8) Importer(815301076,1909f56bfc062723c751e8b465ee728b)  -> (artifact id: 'c7d34dbf985413b828bb0d2a5c50e977') in 0.001071 seconds
Number of updated asset objects reloaded before import = 0
Number of asset objects unloaded after import = 0
========================================================================
Received Import Request.
  Time since last request: 0.145317 seconds.
  path: Assets/AssetsHandMade/Textures/Floor_Material_Full.mat
  artifactKey: Guid(9c1dbc72c98e69b4fab6f961a1ce9682) Importer(815301076,1909f56bfc062723c751e8b465ee728b)
Start importing Assets/AssetsHandMade/Textures/Floor_Material_Full.mat using Guid(9c1dbc72c98e69b4fab6f961a1ce9682) Importer(815301076,1909f56bfc062723c751e8b465ee728b)  -> (artifact id: 'ff229e543aa442d83a504c86cefaf71e') in 1.478391 seconds
Number of updated asset objects reloaded before import = 0
Number of asset objects unloaded after import = 3
========================================================================
Received Import Request.
  Time since last request: 0.000021 seconds.
  path: Assets/AssetsHandMade/Textures/vert_meuble.mat
  artifactKey: Guid(a44ff40687365e546a14223f0caef124) Importer(815301076,1909f56bfc062723c751e8b465ee728b)
Start importing Assets/AssetsHandMade/Textures/vert_meuble.mat using Guid(a44ff40687365e546a14223f0caef124) Importer(815301076,1909f56bfc062723c751e8b465ee728b)  -> (artifact id: '799ee5138b5b98f67b61af10b55706cc') in 0.016875 seconds
Number of updated asset objects reloaded before import = 0
Number of asset objects unloaded after import = 2
========================================================================
Received Import Request.
  Time since last request: 0.000030 seconds.
  path: Assets/AssetsHandMade/Textures/Wall_Material.mat
  artifactKey: Guid(fb0e33addc44cff4ab4555c59e502f36) Importer(815301076,1909f56bfc062723c751e8b465ee728b)
Start importing Assets/AssetsHandMade/Textures/Wall_Material.mat using Guid(fb0e33addc44cff4ab4555c59e502f36) Importer(815301076,1909f56bfc062723c751e8b465ee728b)  -> (artifact id: '6a5100e0856e861a68215c254df2ed7b') in 0.933532 seconds
Number of updated asset objects reloaded before import = 0
Number of asset objects unloaded after import = 3
